0 info it worked if it ends with ok
1 verbose cli [ 'node', '/usr/local/bin/npm', 'start' ]
2 info using npm@1.1.59
3 info using node@v0.8.8
4 verbose read json /Users/david/Documents/anna-chat/package.json
5 verbose run-script [ 'prestart', 'start', 'poststart' ]
6 info prestart wzrd@0.0.3
7 info start wzrd@0.0.3
8 verbose unsafe-perm in lifecycle true
9 silly exec sh "-c" "app.js"
10 silly sh,-c,app.js,/Users/david/Documents/anna-chat spawning
11 info wzrd@0.0.3 Failed to exec start script
12 error wzrd@0.0.3 start: `app.js`
12 error `sh "-c" "app.js"` failed with 127
13 error Failed at the wzrd@0.0.3 start script.
13 error This is most likely a problem with the wzrd package,
13 error not with npm itself.
13 error Tell the author that this fails on your system:
13 error     app.js
13 error You can get their info via:
13 error     npm owner ls wzrd
13 error There is likely additional logging output above.
14 error System Darwin 12.2.0
15 error command "node" "/usr/local/bin/npm" "start"
16 error cwd /Users/david/Documents/anna-chat
17 error node -v v0.8.8
18 error npm -v 1.1.59
19 error code ELIFECYCLE
20 verbose exit [ 1, true ]
